<?xml version="1.0" encoding="UTF-8"?>
<robot generator="Robot 3.1.2 (Python 3.8.1 on win32)" generated="20200127 16:08:21.675" rpa="false">
<suite id="s1" name="JORANI-0001" source="C:\PQA\Jorani\qa\src\testcases\authentification\login\JORANI-0001.robot">
<test id="s1-t1" name="AdminPages">
<kw name="Open Browser To Login Page">
<kw name="Open Browser" library="Selenium2Library">
<doc>Opens a new browser instance to given URL.</doc>
<arguments>
<arg>${SERVER}</arg>
<arg>${BROWSER}</arg>
</arguments>
<msg timestamp="20200127 16:08:21.873" level="INFO">Opening browser 'chrome' to base url 'https://demo.jorani.org/session/login'</msg>
<status status="PASS" starttime="20200127 16:08:21.873" endtime="20200127 16:08:28.147"></status>
</kw>
<kw name="Maximize Browser Window" library="Selenium2Library">
<doc>Maximizes current browser window.</doc>
<status status="PASS" starttime="20200127 16:08:28.147" endtime="20200127 16:08:32.369"></status>
</kw>
<kw name="Set Selenium Speed" library="Selenium2Library">
<doc>Sets the delay in seconds that is waited after each Selenium command.</doc>
<arguments>
<arg>${DELAY}</arg>
</arguments>
<status status="PASS" starttime="20200127 16:08:32.369" endtime="20200127 16:08:32.369"></status>
</kw>
<status status="PASS" starttime="20200127 16:08:21.873" endtime="20200127 16:08:32.369"></status>
</kw>
<kw name="Click on Login Button">
<kw name="Click Button" library="Selenium2Library">
<doc>Clicks a button identified by `locator`.</doc>
<arguments>
<arg>${Login}</arg>
</arguments>
<msg timestamp="20200127 16:08:32.370" level="INFO">Clicking button 'xpath=.//button[@id="send"]'.</msg>
<status status="PASS" starttime="20200127 16:08:32.370" endtime="20200127 16:08:43.715"></status>
</kw>
<kw name="Capture Page Screenshot" library="Selenium2Library">
<doc>Takes a screenshot of the current page and embeds it into the log.</doc>
<msg timestamp="20200127 16:08:46.008" level="INFO" html="yes">&lt;/td&gt;&lt;/tr&gt;&lt;tr&gt;&lt;td colspan="3"&gt;&lt;a href="selenium-screenshot-1.png"&gt;&lt;img src="selenium-screenshot-1.png" width="800px"&gt;&lt;/a&gt;</msg>
<status status="PASS" starttime="20200127 16:08:43.715" endtime="20200127 16:08:46.008"></status>
</kw>
<kw name="Set Selenium Speed" library="Selenium2Library">
<doc>Sets the delay in seconds that is waited after each Selenium command.</doc>
<arguments>
<arg>${DELAY}</arg>
</arguments>
<status status="PASS" starttime="20200127 16:08:46.008" endtime="20200127 16:08:46.008"></status>
</kw>
<status status="PASS" starttime="20200127 16:08:32.370" endtime="20200127 16:08:46.008"></status>
</kw>
<kw name="Open Admin List">
<kw name="Click Element" library="Selenium2Library">
<doc>Click element identified by `locator`.</doc>
<arguments>
<arg>${Admin_List}</arg>
</arguments>
<msg timestamp="20200127 16:08:46.009" level="INFO">Clicking element 'xpath=.//a[contains(text(),'Admin')]'.</msg>
<status status="PASS" starttime="20200127 16:08:46.009" endtime="20200127 16:08:50.107"></status>
</kw>
<kw name="Set Selenium Speed" library="Selenium2Library">
<doc>Sets the delay in seconds that is waited after each Selenium command.</doc>
<arguments>
<arg>${DELAY}</arg>
</arguments>
<status status="PASS" starttime="20200127 16:08:50.107" endtime="20200127 16:08:50.108"></status>
</kw>
<status status="PASS" starttime="20200127 16:08:46.009" endtime="20200127 16:08:50.108"></status>
</kw>
<kw name="Open List of Users Page">
<kw name="Click Element" library="Selenium2Library">
<doc>Click element identified by `locator`.</doc>
<arguments>
<arg>${List_Of_Users}</arg>
</arguments>
<msg timestamp="20200127 16:08:50.110" level="INFO">Clicking element 'xpath=.//a[contains(text(),'List of users')]'.</msg>
<status status="PASS" starttime="20200127 16:08:50.110" endtime="20200127 16:08:55.694"></status>
</kw>
<kw name="Capture Page Screenshot" library="Selenium2Library">
<doc>Takes a screenshot of the current page and embeds it into the log.</doc>
<msg timestamp="20200127 16:08:58.006" level="INFO" html="yes">&lt;/td&gt;&lt;/tr&gt;&lt;tr&gt;&lt;td colspan="3"&gt;&lt;a href="selenium-screenshot-2.png"&gt;&lt;img src="selenium-screenshot-2.png" width="800px"&gt;&lt;/a&gt;</msg>
<status status="PASS" starttime="20200127 16:08:55.694" endtime="20200127 16:08:58.006"></status>
</kw>
<kw name="Set Selenium Speed" library="Selenium2Library">
<doc>Sets the delay in seconds that is waited after each Selenium command.</doc>
<arguments>
<arg>${DELAY}</arg>
</arguments>
<status status="PASS" starttime="20200127 16:08:58.006" endtime="20200127 16:08:58.007"></status>
</kw>
<status status="PASS" starttime="20200127 16:08:50.109" endtime="20200127 16:08:58.007"></status>
</kw>
<kw name="Open List of types Page">
<kw name="Click Element" library="Selenium2Library">
<doc>Click element identified by `locator`.</doc>
<arguments>
<arg>${Admin_List}</arg>
</arguments>
<msg timestamp="20200127 16:08:58.009" level="INFO">Clicking element 'xpath=.//a[contains(text(),'Admin')]'.</msg>
<status status="PASS" starttime="20200127 16:08:58.009" endtime="20200127 16:09:02.075"></status>
</kw>
<kw name="Click Element" library="Selenium2Library">
<doc>Click element identified by `locator`.</doc>
<arguments>
<arg>${List_of_types}</arg>
</arguments>
<msg timestamp="20200127 16:09:02.075" level="INFO">Clicking element 'xpath=.//li/a[contains(text(),'List of types')]'.</msg>
<status status="PASS" starttime="20200127 16:09:02.075" endtime="20200127 16:09:06.934"></status>
</kw>
<kw name="Capture Page Screenshot" library="Selenium2Library">
<doc>Takes a screenshot of the current page and embeds it into the log.</doc>
<msg timestamp="20200127 16:09:09.255" level="INFO" html="yes">&lt;/td&gt;&lt;/tr&gt;&lt;tr&gt;&lt;td colspan="3"&gt;&lt;a href="selenium-screenshot-3.png"&gt;&lt;img src="selenium-screenshot-3.png" width="800px"&gt;&lt;/a&gt;</msg>
<status status="PASS" starttime="20200127 16:09:06.934" endtime="20200127 16:09:09.256"></status>
</kw>
<kw name="Set Selenium Speed" library="Selenium2Library">
<doc>Sets the delay in seconds that is waited after each Selenium command.</doc>
<arguments>
<arg>${DELAY}</arg>
</arguments>
<status status="PASS" starttime="20200127 16:09:09.256" endtime="20200127 16:09:09.257"></status>
</kw>
<status status="PASS" starttime="20200127 16:08:58.008" endtime="20200127 16:09:09.257"></status>
</kw>
<kw name="Open Diagnostic Page">
<kw name="Click Element" library="Selenium2Library">
<doc>Click element identified by `locator`.</doc>
<arguments>
<arg>${Admin_List}</arg>
</arguments>
<msg timestamp="20200127 16:09:09.258" level="INFO">Clicking element 'xpath=.//a[contains(text(),'Admin')]'.</msg>
<status status="PASS" starttime="20200127 16:09:09.258" endtime="20200127 16:09:13.465"></status>
</kw>
<kw name="Click Element" library="Selenium2Library">
<doc>Click element identified by `locator`.</doc>
<arguments>
<arg>${Diagnostic}</arg>
</arguments>
<msg timestamp="20200127 16:09:13.465" level="INFO">Clicking element 'xpath=.//li/a[contains(text(),'Diagnostic')]'.</msg>
<status status="PASS" starttime="20200127 16:09:13.465" endtime="20200127 16:09:18.420"></status>
</kw>
<kw name="Capture Page Screenshot" library="Selenium2Library">
<doc>Takes a screenshot of the current page and embeds it into the log.</doc>
<msg timestamp="20200127 16:09:20.752" level="INFO" html="yes">&lt;/td&gt;&lt;/tr&gt;&lt;tr&gt;&lt;td colspan="3"&gt;&lt;a href="selenium-screenshot-4.png"&gt;&lt;img src="selenium-screenshot-4.png" width="800px"&gt;&lt;/a&gt;</msg>
<status status="PASS" starttime="20200127 16:09:18.420" endtime="20200127 16:09:20.753"></status>
</kw>
<kw name="Set Selenium Speed" library="Selenium2Library">
<doc>Sets the delay in seconds that is waited after each Selenium command.</doc>
<arguments>
<arg>${DELAY}</arg>
</arguments>
<status status="PASS" starttime="20200127 16:09:20.753" endtime="20200127 16:09:20.754"></status>
</kw>
<status status="PASS" starttime="20200127 16:09:09.258" endtime="20200127 16:09:20.754"></status>
</kw>
<status status="PASS" starttime="20200127 16:08:21.872" endtime="20200127 16:09:20.755" critical="yes"></status>
</test>
<doc>Admin Pages List</doc>
<status status="PASS" starttime="20200127 16:08:21.677" endtime="20200127 16:09:20.759"></status>
</suite>
<statistics>
<total>
<stat pass="1" fail="0">Critical Tests</stat>
<stat pass="1" fail="0">All Tests</stat>
</total>
<tag>
</tag>
<suite>
<stat pass="1" fail="0" id="s1" name="JORANI-0001">JORANI-0001</stat>
</suite>
</statistics>
<errors>
</errors>
</robot>
