<?xml version="1.0" encoding="UTF-8"?>
<robot generator="Robot 3.1.2 (Python 3.8.1 on win32)" generated="20200211 17:14:36.135" rpa="false">
    <suite id="s1" name="Demo" source="C:\PQA\Jorani\qa\src\Brouillon\Demo.robot">
        <test id="s1-t1" name="TestCase1: Navigating Mercury webpage">
            <kw name="Open Mercury Website in Chrome and Maximize">
                <kw name="Open Browser" library="Selenium2Library">
                    <doc>Opens a new browser instance to given URL.</doc>
                    <arguments>
                        <arg>${SERVER}</arg>
                        <arg>${BROWSER}</arg>
                    </arguments>
                    <msg timestamp="20200211 17:14:36.325" level="INFO">Opening browser 'chrome' to base url
                        'http://newtours.demoaut.com/'
                    </msg>
                    <status status="PASS" starttime="20200211 17:14:36.325" endtime="20200211 17:15:20.196"></status>
                </kw>
                <kw name="Maximize Browser Window" library="Selenium2Library">
                    <doc>Maximizes current browser window.</doc>
                    <status status="PASS" starttime="20200211 17:15:20.196" endtime="20200211 17:15:24.216"></status>
                </kw>
                <kw name="Log To Console" library="BuiltIn">
                    <doc>Logs the given message to the console.</doc>
                    <arguments>
                        <arg>Website Navigated successfully</arg>
                    </arguments>
                    <status status="PASS" starttime="20200211 17:15:24.217" endtime="20200211 17:15:24.217"></status>
                </kw>
                <status status="PASS" starttime="20200211 17:14:36.325" endtime="20200211 17:15:24.217"></status>
            </kw>
            <kw name="Verify the Home page title">
                <kw name="Title Should Be" library="Selenium2Library">
                    <doc>Verifies that current page title equals `title`.</doc>
                    <arguments>
                        <arg>${title}</arg>
                    </arguments>
                    <kw name="Capture Page Screenshot" library="Selenium2Library">
                        <doc>Takes a screenshot of the current page and embeds it into the log.</doc>
                        <msg timestamp="20200211 17:15:24.527" level="INFO" html="yes">&lt;/td&gt;&lt;/tr&gt;&lt;tr&gt;&lt;td
                            colspan="3"&gt;&lt;a href="selenium-screenshot-1.png"&gt;&lt;img
                            src="selenium-screenshot-1.png" width="800px"&gt;&lt;/a&gt;
                        </msg>
                        <status status="PASS" starttime="20200211 17:15:24.226"
                                endtime="20200211 17:15:24.527"></status>
                    </kw>
                    <msg timestamp="20200211 17:15:24.534" level="FAIL">Title should have been 'Welcome: Mercury Tours'
                        but was 'newtours.demoaut.com'
                    </msg>
                    <status status="FAIL" starttime="20200211 17:15:24.218" endtime="20200211 17:15:24.534"></status>
                </kw>
                <status status="FAIL" starttime="20200211 17:15:24.218" endtime="20200211 17:15:24.534"></status>
            </kw>
            <kw name="Close Browser" library="Selenium2Library" type="teardown">
                <doc>Closes the current browser.</doc>
                <status status="PASS" starttime="20200211 17:15:24.534" endtime="20200211 17:15:26.675"></status>
            </kw>
            <tags>
                <tag>Validate</tag>
            </tags>
            <status status="FAIL" starttime="20200211 17:14:36.324" endtime="20200211 17:15:26.675" critical="yes">Title
                should have been 'Welcome: Mercury Tours' but was 'newtours.demoaut.com'
            </status>
        </test>
        <doc>Testing Mercury Website</doc>
        <status status="FAIL" starttime="20200211 17:14:36.137" endtime="20200211 17:15:26.676"></status>
    </suite>
    <statistics>
        <total>
            <stat pass="0" fail="1">Critical Tests</stat>
            <stat pass="0" fail="1">All Tests</stat>
        </total>
        <tag>
            <stat pass="0" fail="1">Validate</stat>
        </tag>
        <suite>
            <stat pass="0" fail="1" id="s1" name="Demo">Demo</stat>
</suite>
</statistics>
<errors>
</errors>
</robot>
