<?xml version="1.0" encoding="UTF-8"?>
<robot generator="Robot 3.1.2 (Python 3.8.1 on win32)" generated="20200207 15:19:55.143" rpa="false">
    <suite id="s1" name="JORANI-6" source="C:\PQA\Jorani\qa\src\testcases\admin\listofUsers\JORANI-6.robot">
        <test id="s1-t1" name="Create a new user from List of users page">
            <kw name="Connect To Jorani Application With Default User" library="LOGIN">
                <kw name="Open Jorani Application" library="LOGIN">
                    <kw name="Open Browser" library="Selenium2Library">
                        <doc>Opens a new browser instance to given URL.</doc>
                        <arguments>
                            <arg>${URL}</arg>
                            <arg>${BROWSER}</arg>
                        </arguments>
                        <msg timestamp="20200207 15:19:55.361" level="INFO">Opening browser 'chrome' to base url
                            'https://demo.jorani.org/session/login'
                        </msg>
                        <status status="PASS" starttime="20200207 15:19:55.361"
                                endtime="20200207 15:20:01.246"></status>
                    </kw>
                    <status status="PASS" starttime="20200207 15:19:55.361" endtime="20200207 15:20:01.246"></status>
                </kw>
                <kw name="Click on Login Button" library="LOGIN">
                    <kw name="Click Button" library="Selenium2Library">
                        <doc>Clicks a button identified by `locator`.</doc>
                        <arguments>
                            <arg>${LoginBtn}</arg>
                        </arguments>
                        <msg timestamp="20200207 15:20:01.246" level="INFO">Clicking button
                            'xpath=.//button[@id="send"]'.
                        </msg>
                        <status status="PASS" starttime="20200207 15:20:01.246"
                                endtime="20200207 15:20:02.796"></status>
                    </kw>
                    <kw name="Capture Page Screenshot" library="Selenium2Library">
                        <doc>Takes a screenshot of the current page and embeds it into the log.</doc>
                        <msg timestamp="20200207 15:20:03.117" level="INFO" html="yes">&lt;/td&gt;&lt;/tr&gt;&lt;tr&gt;&lt;td
                            colspan="3"&gt;&lt;a href="selenium-screenshot-1.png"&gt;&lt;img
                            src="selenium-screenshot-1.png" width="800px"&gt;&lt;/a&gt;
                        </msg>
                        <status status="PASS" starttime="20200207 15:20:02.796"
                                endtime="20200207 15:20:03.117"></status>
                    </kw>
                    <status status="PASS" starttime="20200207 15:20:01.246" endtime="20200207 15:20:03.117"></status>
                </kw>
                <status status="PASS" starttime="20200207 15:19:55.360" endtime="20200207 15:20:03.117"></status>
            </kw>
            <kw name="Open Admin List" library="adminList">
                <kw name="Click Element" library="Selenium2Library">
                    <doc>Click element identified by `locator`.</doc>
                    <arguments>
                        <arg>${Admin_List}</arg>
                    </arguments>
                    <msg timestamp="20200207 15:20:03.118" level="INFO">Clicking element
                        'xpath=.//a[contains(text(),'Admin')]'.
                    </msg>
                    <status status="PASS" starttime="20200207 15:20:03.118" endtime="20200207 15:20:03.168"></status>
                </kw>
                <status status="PASS" starttime="20200207 15:20:03.117" endtime="20200207 15:20:03.169"></status>
            </kw>
            <kw name="Open List of Users Page" library="adminList">
                <kw name="Click Element" library="Selenium2Library">
                    <doc>Click element identified by `locator`.</doc>
                    <arguments>
                        <arg>${List_Of_Users}</arg>
                    </arguments>
                    <msg timestamp="20200207 15:20:03.169" level="INFO">Clicking element
                        'xpath=.//a[contains(text(),'List of users')]'.
                    </msg>
                    <status status="PASS" starttime="20200207 15:20:03.169" endtime="20200207 15:20:04.859"></status>
                </kw>
                <kw name="Capture Page Screenshot" library="Selenium2Library">
                    <doc>Takes a screenshot of the current page and embeds it into the log.</doc>
                    <msg timestamp="20200207 15:20:05.176" level="INFO" html="yes">&lt;/td&gt;&lt;/tr&gt;&lt;tr&gt;&lt;td
                        colspan="3"&gt;&lt;a href="selenium-screenshot-2.png"&gt;&lt;img src="selenium-screenshot-2.png"
                        width="800px"&gt;&lt;/a&gt;
                    </msg>
                    <status status="PASS" starttime="20200207 15:20:04.859" endtime="20200207 15:20:05.176"></status>
                </kw>
                <status status="PASS" starttime="20200207 15:20:03.169" endtime="20200207 15:20:05.176"></status>
            </kw>
            <kw name="Click on “Create a new user“ button">
                <kw name="Click Element" library="Selenium2Library">
                    <doc>Click element identified by `locator`.</doc>
                    <arguments>
                        <arg>${CreateNewUserBtn}</arg>
                    </arguments>
                    <msg timestamp="20200207 15:20:05.176" level="INFO">Clicking element
                        'xpath=.//div/a[@href='https://demo.jorani.org/users/create']'.
                    </msg>
                    <status status="PASS" starttime="20200207 15:20:05.176" endtime="20200207 15:20:06.945"></status>
                </kw>
                <kw name="Capture Page Screenshot" library="Selenium2Library">
                    <doc>Takes a screenshot of the current page and embeds it into the log.</doc>
                    <msg timestamp="20200207 15:20:07.251" level="INFO" html="yes">&lt;/td&gt;&lt;/tr&gt;&lt;tr&gt;&lt;td
                        colspan="3"&gt;&lt;a href="selenium-screenshot-3.png"&gt;&lt;img src="selenium-screenshot-3.png"
                        width="800px"&gt;&lt;/a&gt;
                    </msg>
                    <status status="PASS" starttime="20200207 15:20:06.945" endtime="20200207 15:20:07.251"></status>
                </kw>
                <status status="PASS" starttime="20200207 15:20:05.176" endtime="20200207 15:20:07.251"></status>
            </kw>
            <status status="PASS" starttime="20200207 15:19:55.360" endtime="20200207 15:20:07.251"
                    critical="yes"></status>
        </test>
        <doc>[Admin][ListofUsers] Create a new user from List of users page</doc>
        <status status="PASS" starttime="20200207 15:19:55.145" endtime="20200207 15:20:07.252"></status>
    </suite>
<statistics>
<total>
<stat pass="1" fail="0">Critical Tests</stat>
<stat pass="1" fail="0">All Tests</stat>
</total>
<tag>
</tag>
<suite>
    <stat pass="1" fail="0" id="s1" name="JORANI-6">JORANI-6</stat>
</suite>
</statistics>
<errors>
</errors>
</robot>
