<?xml version="1.0" encoding="UTF-8"?>
<robot generator="Robot 3.1.2 (Python 3.8.1 on win32)" generated="20200127 17:33:09.203" rpa="false">
<suite id="s1" name="JORANI-0001" source="C:\PQA\Jorani\qa\src\testcases\authentification\login\JORANI-0001.robot">
<test id="s1-t1" name="AdminPages">
<kw name="Open Browser To Login Page">
<kw name="Open Browser" library="Selenium2Library">
<doc>Opens a new browser instance to given URL.</doc>
<arguments>
<arg>${SERVER}</arg>
<arg>${BROWSER}</arg>
</arguments>
<msg timestamp="20200127 17:33:09.390" level="INFO">Opening browser 'chrome' to base url 'https://demo.jorani.org/session/login'</msg>
<status status="PASS" starttime="20200127 17:33:09.390" endtime="20200127 17:33:17.422"></status>
</kw>
<kw name="Maximize Browser Window" library="Selenium2Library">
<doc>Maximizes current browser window.</doc>
<status status="PASS" starttime="20200127 17:33:17.423" endtime="20200127 17:33:21.582"></status>
</kw>
<kw name="Set Selenium Speed" library="Selenium2Library">
<doc>Sets the delay in seconds that is waited after each Selenium command.</doc>
<arguments>
<arg>${DELAY}</arg>
</arguments>
<status status="PASS" starttime="20200127 17:33:21.582" endtime="20200127 17:33:21.582"></status>
</kw>
<status status="PASS" starttime="20200127 17:33:09.390" endtime="20200127 17:33:21.583"></status>
</kw>
<kw name="Set Login">
<kw name="Set Test Variable" library="BuiltIn">
<doc>Makes a variable available everywhere within the scope of the current test.</doc>
<arguments>
<arg>${LOGIN}</arg>
<arg>HELLO</arg>
</arguments>
<msg timestamp="20200127 17:33:21.583" level="INFO">${LOGIN} = HELLO</msg>
<status status="PASS" starttime="20200127 17:33:21.583" endtime="20200127 17:33:21.583"></status>
</kw>
<kw name="Clear Element Text" library="Selenium2Library">
<doc>Clears the text value of text entry element identified by `locator`.</doc>
<arguments>
<arg>${LOGIN_PATH}</arg>
</arguments>
<status status="PASS" starttime="20200127 17:33:21.583" endtime="20200127 17:33:25.657"></status>
</kw>
<kw name="Input Text" library="Selenium2Library">
<doc>Types the given `text` into text field identified by `locator`.</doc>
<arguments>
<arg>${LOGIN_PATH}</arg>
<arg>${LOGIN}</arg>
</arguments>
<msg timestamp="20200127 17:33:25.657" level="INFO">Typing text 'HELLO' into text field 'xpath=.//*[@id="login"]'</msg>
<status status="PASS" starttime="20200127 17:33:25.657" endtime="20200127 17:33:31.817"></status>
</kw>
<status status="PASS" starttime="20200127 17:33:21.583" endtime="20200127 17:33:31.817"></status>
</kw>
<kw name="Set Password">
<kw name="Set Test Variable" library="BuiltIn">
<doc>Makes a variable available everywhere within the scope of the current test.</doc>
<arguments>
<arg>${PASSWORD}</arg>
<arg>HELLO</arg>
</arguments>
<msg timestamp="20200127 17:33:31.817" level="INFO">${PASSWORD} = HELLO</msg>
<status status="PASS" starttime="20200127 17:33:31.817" endtime="20200127 17:33:31.817"></status>
</kw>
<kw name="Clear Element Text" library="Selenium2Library">
<doc>Clears the text value of text entry element identified by `locator`.</doc>
<arguments>
<arg>${PASSWORD_PATH}</arg>
</arguments>
<status status="PASS" starttime="20200127 17:33:31.817" endtime="20200127 17:33:35.906"></status>
</kw>
<kw name="Input Text" library="Selenium2Library">
<doc>Types the given `text` into text field identified by `locator`.</doc>
<arguments>
<arg>${PASSWORD_PATH}</arg>
<arg>${PASSWORD}</arg>
</arguments>
<msg timestamp="20200127 17:33:35.906" level="INFO">Typing text 'HELLO' into text field 'xpath=.//*[@id="password"]'</msg>
<status status="PASS" starttime="20200127 17:33:35.906" endtime="20200127 17:33:42.021"></status>
</kw>
<status status="PASS" starttime="20200127 17:33:31.817" endtime="20200127 17:33:42.021"></status>
</kw>
<kw name="Click on Login Button">
<kw name="Click Button" library="Selenium2Library">
<doc>Clicks a button identified by `locator`.</doc>
<arguments>
<arg>${Login}</arg>
</arguments>
<msg timestamp="20200127 17:33:42.021" level="INFO">Clicking button 'HELLO'.</msg>
<kw name="Capture Page Screenshot" library="Selenium2Library">
<doc>Takes a screenshot of the current page and embeds it into the log.</doc>
<msg timestamp="20200127 17:33:50.727" level="INFO" html="yes">&lt;/td&gt;&lt;/tr&gt;&lt;tr&gt;&lt;td colspan="3"&gt;&lt;a href="selenium-screenshot-1.png"&gt;&lt;img src="selenium-screenshot-1.png" width="800px"&gt;&lt;/a&gt;</msg>
<status status="PASS" starttime="20200127 17:33:48.068" endtime="20200127 17:33:50.727"></status>
</kw>
<msg timestamp="20200127 17:33:50.729" level="FAIL">ValueError: Element locator 'HELLO' did not match any elements.</msg>
<status status="FAIL" starttime="20200127 17:33:42.021" endtime="20200127 17:33:50.729"></status>
</kw>
<status status="FAIL" starttime="20200127 17:33:42.021" endtime="20200127 17:33:50.729"></status>
</kw>
<status status="FAIL" starttime="20200127 17:33:09.390" endtime="20200127 17:33:50.729" critical="yes">ValueError: Element locator 'HELLO' did not match any elements.</status>
</test>
<doc>Admin Pages List</doc>
<status status="FAIL" starttime="20200127 17:33:09.203" endtime="20200127 17:33:50.729"></status>
</suite>
<statistics>
<total>
<stat pass="0" fail="1">Critical Tests</stat>
<stat pass="0" fail="1">All Tests</stat>
</total>
<tag>
</tag>
<suite>
<stat pass="0" fail="1" id="s1" name="JORANI-0001">JORANI-0001</stat>
</suite>
</statistics>
<errors>
</errors>
</robot>
