<?xml version="1.0" encoding="UTF-8"?>
<robot generator="Robot 3.1.2 (Python 3.8.1 on win32)" generated="20200131 15:45:44.689" rpa="false">
<suite id="s1" name="JORANI 2021" source="C:\PQA\Jorani\qa\src\testcases\authentification\login\JORANI_2021.robot">
<test id="s1-t1" name="Connect To Jorani Application">
<kw name="Open Jorani Application">
<kw name="Open Browser" library="Selenium2Library">
<doc>Opens a new browser instance to given URL.</doc>
<arguments>
<arg>${URL}</arg>
<arg>${BROWSER}</arg>
</arguments>
<msg timestamp="20200131 15:45:44.881" level="INFO">Opening browser 'chrome' to base url 'https://demo.jorani.org/session/login'</msg>
<status status="PASS" starttime="20200131 15:45:44.881" endtime="20200131 15:45:50.904"></status>
</kw>
<status status="PASS" starttime="20200131 15:45:44.881" endtime="20200131 15:45:50.904"></status>
</kw>
<kw name="Click on Login Button">
<kw name="Click Button" library="Selenium2Library">
<doc>Clicks a button identified by `locator`.</doc>
<arguments>
<arg>${LoginBtn}</arg>
</arguments>
<msg timestamp="20200131 15:45:50.905" level="INFO">Clicking button 'xpath=.//button[@id="send"]'.</msg>
<status status="PASS" starttime="20200131 15:45:50.905" endtime="20200131 15:45:52.335"></status>
</kw>
<kw name="Capture Page Screenshot" library="Selenium2Library">
<doc>Takes a screenshot of the current page and embeds it into the log.</doc>
<msg timestamp="20200131 15:45:52.636" level="INFO" html="yes">&lt;/td&gt;&lt;/tr&gt;&lt;tr&gt;&lt;td colspan="3"&gt;&lt;a href="selenium-screenshot-1.png"&gt;&lt;img src="selenium-screenshot-1.png" width="800px"&gt;&lt;/a&gt;</msg>
<status status="PASS" starttime="20200131 15:45:52.335" endtime="20200131 15:45:52.636"></status>
</kw>
<status status="PASS" starttime="20200131 15:45:50.904" endtime="20200131 15:45:52.637"></status>
</kw>
<status status="PASS" starttime="20200131 15:45:44.881" endtime="20200131 15:45:52.637" critical="yes"></status>
</test>
<doc>Suite description</doc>
<status status="PASS" starttime="20200131 15:45:44.691" endtime="20200131 15:45:52.637"></status>
</suite>
<statistics>
<total>
<stat pass="1" fail="0">Critical Tests</stat>
<stat pass="1" fail="0">All Tests</stat>
</total>
<tag>
</tag>
<suite>
<stat pass="1" fail="0" id="s1" name="JORANI 2021">JORANI 2021</stat>
</suite>
</statistics>
<errors>
</errors>
</robot>
